[   0.0000] inuxvesion 4150-47geeric (buildd@lgw01-amd64-001) (gcc version 7.3.0 (Ubuntu 7.3.0-16ubuntu3)) #50-Ubuntu SMP Wed Mar 13 10:44:52 UTC 2019 (Ubuntu 4.15.0-47.50-generic 4.15.18)
[    0.000000] Command line: BOOT_IMAGE=/boot/vmlinuz-4.15.0-47-generic root=LABEL=cloudimg-rootfs ro console=tty1 console=ttyS0
[    0.000000] KERNEL supported cpus:
[    0.000000]   Intel GenuineIntel
[    0.000000]   AMD AuthenticAMD
[    0.000000]   Centaur CentaurHauls
[    0.000000] x86/fpu: Supporting XSAVE feature 0x001: 'x87 floating point registers'
[    0.000000] x86/fpu: Supporting XSAVE feature 0x002: 'SSE registers'
[    0.000000] x86/fpu: Supporting XSAVE feature 0x004: 'AVX registers'
[    0.000000] x86/fpu: xstate_offset[2]:  576, xstate_sizes[2]:  256
[    0.000000] x86/fpu: Enabled xstate features 0x7, context size is 832 bytes, using 'standard' format.
[    0.000000] e820: BIOS-provided physical RAM map:
[    0.000000] BIOS-e820: [mem 0x0000000000000000-0x000000000009fbff] usable
[    0.000000] BIOS-e820: [mem 0x000000000009fc00-0x000000000009ffff] reserved
[    0.000000] BIOS-e820: [mem 0x00000000000f0000-0x00000000000fffff] reserved
[    0.000000] BIOS-e820: [mem 0x0000000000100000-0x000000003ffeffff] usable
[    0.000000] BIOS-e820: [mem 0x000000003fff0000-0x000000003fffffff] ACPI data
[    0.000000] BIOS-e820: [mem 0x00000000fec00000-0x00000000fec00fff] reserved
[    0.000000] BIOS-e820: [mem 0x00000000fee00000-0x00000000fee00fff] reserved
[    0.000000] BIOS-e820: [mem 0x00000000fffc0000-0x00000000ffffffff] reserved
[   0.0000]  (Excue Disabl) roteion:acive
[   .00000] SMBIOS.5 pesnt.
[   000000]MI: nntek mb VirtualBox/VtualBox, BIOS VirtualBox 12/0/206
   0.0000] Hypervso detctd: KM
[  0.00000] 820: lastpf = 03ff0 mx_rch_fn= 0x400000
    .00000 MRR: Dsaled[   0.0000] x6/PAT:MTRsdiabl, skppng PT nitiliatio to.
[  0.00000 CPUMTRs al lank viruaizedsytem.
[   0.0000] x86/P: Cofiuraton[0-7]:WB WT UC UC WB WT C- U  
[  0.0000] foud SM M-tabe t [mm x000ff0-0x09fff]mappe a [      trva)]
[   0.0000] canng 1 aea forlo memy corution
[    .000000] RAMDISK: mem0x35f000x36d6ff]
   000000] ACPI: Early table checksum verification disabled
[    0.000000] ACPI: RSDP 0x00000000000E0000 000024 (v02 VBOX  )
[    0.000000] ACPI: XSDT 0x000000003FFF0030 00003C (v01 VBOX   VBOXXSDT 00000001 ASL  00000061)
[    0.000000] ACPI: FACP 0x000000003FFF00F0 0000F4 (v04 VBOX   VBOXFACP 00000001 ASL  00000061)
[    0.000000] ACPI: DSDT 0x000000003FFF0470 0021FF (v02 VBOX   VBOXBIOS 00000002 INTL 20100528)
[    0.000000] ACPI: FACS 0x000000003FFF0200 00004
    0.0000]ACI: FAC0x0000003FF000 0040[   0.00000ACPIAPIC 000000003FF020 0005 (02VBX   BOAPI 00000 ASL 00000)
[  0.0000] API SSD 00000003FF02A0 0001CC (v01 VBOX   VBOXCPUT 00000002 INTL 20100528)
[    0.000000] No NUMA configuration found
[    0.000000] Faking a node at [mem 0x0000000000000000-0x000000003ffeffff]
[    0.000000] NODE_DATA(0) allocated [mem 0x3ffc5000-0x3ffeffff]
[    0.000000] kvm-clock: cpu 0, msr 0:3ff44001, primary cpu clock
[    0.000000] kvm-clock: Using msrs 4b54d1 an 45600
[   .000000]kv-cloc: singchedofset f 1816318 cyes
   000000]clckouce: m-cloc: ask:0xfffffffffffff max_cycles: 0x1cd42e4dffb, mx_dle_s:881590591483 ns
   000000]one anes:
   000000]  MA    [m 0x00000000100-000000000ffff][   .00000   DA32    [em 000000001000-0x0000003fffff]
   0.0000]  orma  empy
[  0.000000]   Device   empty
[    0.000000] Movable zone start for each node
[    0.000000] Early memory node ranges
[    0.000000]   node   0: [mem 0x0000000000001000-0x000000000009efff]
[    0.000000]   node   0: [mem 0x0000000010000-x000000003fffff]
[   00000] eseved but unavailable: 114 page
[   .000000] Initmem setup node 0 [mem 0x0000000000001000-0x000000003ffeffff]
[    0.000000] ACPI: PM-Timer IO Port: 0x4008
[    0.000000] IOAPIC[0]: apic_id 2, version 32, address 0xfec00000, GSI 0-23
[    0.000000] ACPI: INT_SRC_OVR (bus 0 bus_irq 0 global_irq 2 dfl dfl)
[    0.000000] ACPI: INT_SRC_OVR (bus 0 bus_irq 9 global_irq 9 low level)
[    0.000000] Usi ACP (ADTfor SMP confiratin nformaio
[  0.0000] pboot:Alowin 2CPUs,0 otplg PUs[   0.00000PM: egisteednosvememory: [mem 0x00000000-0x00000fff]
[    0.0000] PM Rgisterd osav mmory [em 0009f00-00009fff
[  0.0000] M:Regiteed nsae memry [me 0000a0000x000effff]
[    0.000000] PM: Registered nosave memory: [mem 0x000f0000-0x000fffff]
[    0.000000] e820: [mem 0x40000000-0xfebfffff] available for PCI devices
[    0.000000] Booting paravirtualized kernel on KVM
[    0.000000] clocksource: refined-jiffies: mask: 0xffffffff max_cycles: 0xffffffff, max_idle_ns: 7645519600211568 ns
[    0.000000] random gt_rado_byts call fro sart_kernel+0x9/x4fdwih cr_ini0
[  0.0000setu_prcpu N_CPU8192nrcpumas_bits:2 r_cpu_is: nr_nod_is:1[    0.00000] ercpu Embedded 6 agescp @      (prvl) s1552 192 d28672 u10576[   0.0000] V qspinlock hash table entris:256 orer: 0 496 bes)
[   0.0000] Bil 1 zonelists, mobility grouping on.  Total pages:25913
[  0.00000]Policyzoe: DMA2
[  0.0000] Knel omand in: BOTIMAG=/oot/mlnuz4.5.0-7-enerc rot=LABE=coudig-rootfs ro console=tty1 cosole=tty0
[  0.00000]Memoy:983608K/1048120Kavilabe 1230K ernecode 273K wdta, 42K rdaa, 208 ini, 416Kbss 6452K reserved, 0 ca-rseved)
[   000000]SLB: Halgn=64, Orer0-3, MinObjects=0, CPUs=2, des=1
[   0000000] erel/Uerpage table iolatn: eabed
[   .00000 ftrce allcaing 306 etres i154 ags
[    000000] iearchicl CU iplementtin.
[   .00400 	CUrestrctng CPs rom NR_CPUS=892to n_cu_i=2.
[   0.4000 	asks RC eable.
[  0.0000] RCUAdjutig gemery orrcuanou_laf=1 nr_cu_ds=2
[   0.0400] N_IQS: 524544, r_irs:440,prallocated irqs: 16
[   000000]Cosole clourVG+ 8025
[  0.0400] cnsole [tty1] eabed
[   0.0400] onole tyS0] enabled
[  0.04000] ACPI: Core revion 010831[   0.0400] CPI 2ACPIAM tabessuccssully cqiredan loaed
[    0.004000] APIC: Switch to symmetric I/O mode setup
[    0.004329] x2apic enabled
[    0.008006] Switched APIC routing to physical x2apic.
[    0.013047] ..TIMER: vector=0x30 apic1=0 pin1=2 apic2=-1 pin2=-1
[    0.016002] tsc: Detected 2712.000 MHz processor
[    0.020007] Calibrating delay loop (skipped) preset value.. 5424.00 BogoMIPS (lpj=10848000)
[    0.021141] pid_max: default: 32768 minimum: 301
[    0.021813] Security Framework initialized
[    0.022407] Yama: becoming mindful.
[    0.022931] AppArmor: AppArmor initialized
[    0.024038] Dentry cache hash table entries: 131072 (order: 8, 1048576 bytes)
[    0.028071] Inode-cache hash table entries: 65536 (order: 7, 524288 bytes)
[    0.032026] Mount-cache hash table entries: 2048 (order: 2, 16384 bytes)
[    0.036015] Mountpoint-cache hash table entries: 2048 (order: 2, 16384 bytes)
[    0.040226] mce: CPU supports 0 MCE banks
[    0.044022] Last level iTLB entries: 4KB 64, 2MB 8, 4MB 8
[    0.048006] Last level dTLB entries: 4KB 64, 2MB 0, 4MB 0, 1GB 4
[    0.052006] Spectre V2 : Mitigation: Full generic retpoline
[    0.056005] Spectre V2 : Spectre v2 / SpectreRSB mitigation: Filling RSB on context switch
[    0.060005] Speculative Store Bypass: Vulnerable
[    0.064097] Freeing SMP alternatives memory: 36K
[  0.072000] smpboot: CPU0: Intel(R) Core(TM) i5-7200U CPU @ 2.50GHz (family: 0x6, model: 0x8e, stepping: 0x9)
[    0.072084] Performance Events: unsupported p6 CPU model 142 no PMU driver, software events only.
[    0.076062] Hierarchical SRCU implementation.
[    0.080602] NMI watchdog: Perf event create on CPU 0 failed with -2
[    0.084005] NMI watchdog: Perf NMI watchdog permanently disabled
[    0.088086] smp: Bringing up secondary CPUs ...
[    0.092267] x86: Booting SMP configuration:
[    0.096007] .... node  #0, CPUs:      #1
[    0.004000] kvm-clock: cpu 1, msr 0:3ff44041, secondary cpu clock
[    0.004000] mce: CPU supports 0 MCE banks
[    0.124023] smp: Brought up 1 node, 2 CPUs
[    0.128008] smpboot: Max logical packages: 1
[    0.132007] smpboot: Total of 2 processors activated (10848.00 BogoMIPS)
[    0.136127] devtmpfs: initialized
[    0.140068] x86/mm: Memory block size: 128MB
[    0.144153] evm: security.selinux
[    0.148009] evm: security.SMACK64
[    0.152005] evm: security.SMACK64EXEC
[    0.156004] evm: security.SMACK64TRANSMUTE
[    0.160005] evm: security.SMACK64MMAP
[    0.164004] evm: security.apparmor
[    0.168004] evm: security.ima
[    0.172004] evm: security.capability
[    0.176086] clocksource: jiffies: mask: 0xffffffff max_cycles: 0xffffffff, max_idle_ns: 7645041785100000 ns
[    0.180014] futex hash table entries: 512 (order: 3, 32768 bytes)
[    0.184064] pinctrl core: initialized pinctrl subsystem
[    0.188808] RTC time:  5:26:30, date: 04/07/19
[    0.192218] NET: Registered protocol family 16
[    0.196079] audit: initializing netlink subsys (disabled)
[    0.196868] audit: type=2000 audit(1554614772.419:1): state=initialized audit_enabled=0 res=1
[    0.220009] cpuidle: using governor ladder
[    0.224017] cpuidle: using governor menu
[    0.228052] ACPI: bus type PCI registered
[    0.228635] acpiphp: ACPI Hot Plug PCI Controller Driver version: 0.5
[    0.232110] PCI: Using configuration type 1 for base access
[    0.236950] HugeTLB registered 2.00 MiB page size, pre-allocated 0 pages
[    0.240106] ACPI: Added _OSI(Module Device)
[    0.244008] ACPI: Added _OSI(Processor Device)
[    0.248005] ACPI: Added _OSI(3.0 _SCP Extensions)
[    0.252006] ACPI: Added _OSI(Processor Aggregator Device)
[    0.252747] ACPI: Added _OSI(Linux-Dell-Video)
[    0.253371] ACPI: Added _OSI(Linux-Lenovo-NV-HDMI-Audio)
[    0.256002] ACPI: Added _OSI(Linux-HPI-Hybrid-Graphics)
[    0.256978] ACPI: Executed 1 blocks of module-level executable AML code
[    0.263151] ACPI: Interpreter enabled
[    0.264021] ACPI: (supports S0 S5)
[    0.268005] ACPI: Using IOAPIC for interrupt routing
[    0.272253] PCI: Using host bridge windows from ACPI; if necessary, use "pci=nocrs" and report a bug
[    0.276169] ACPI: Enabled 2 GPEs in block 00 to 07
[    0.286672] ACPI: PCI Root Bridge [PCI0] (domain 0000 [bus 00-ff])
[    0.288016] acpi PNP0A03:00: _OSC: OS supports [ASPM ClockPM Segments MSI]
[    0.292044] acpi PNP0A03:00: _OSC: not requesting OS control; OS requires [ExtendedConfig ASPM ClockPM MSI]
[    0.293357] acpi PNP0A03:00: fail to add MMCONFIG information, can't access extended PCI configuration space under this bridge.
[    0.296342] PCI host bridge to bus 0000:00
[    0.300008] pci_bus 0000:00: root bus resource [io  0x0000-0x0cf7 window]
[    0.304008] pci_bus 0000:00: root bus resource [io  0x0d00-0xffff window]
[    0.304915] pci_bus 0000:00: root bus resource [mem 0x000a0000-0x000bffff window]
[    0.308002] pci_bus 0000:00: root bus resource [mem 0x40000000-0xfdffffff window]
[    0.312010] pci_bus 0000:00: root bus resource [bus 00-ff]
[    0.318049] pci 0000:00:01.1: legacy IDE quirk: reg 0x10: [io  0x01f0-0x01f7]
[    0.320009] pci 0000:00:01.1: legacy IDE quirk: reg 0x14: [io  0x03f6]
[    0.324007] pci 0000:00:01.1: legacy IDE quirk: reg 0x18: [io  0x0170-0x0177]
[    0.328007] pci 0000:00:01.1: legacy IDE quirk: reg 0x1c: [io  0x0376]
[    0.349043] pci 0000:00:07.0: quirk: [io  0x4000-0x403f] claimed by PIIX4 ACPI
[    0.352028] pci 0000:00:07.0: quirk: [io  0x4100-0x410f] claimed by PIIX4 SMB
[    0.366803] ACPI: PCI Interrupt Link [LNKA] (IRQs 5 9 10 *11)
[    0.368328] ACPI: PCI Interrupt Link [LNKB] (IRQs 5 9 *10 11)
[    0.372143] ACPI: PCI Interrupt Link [LNKC] (IRQs 5 *9 10 11)
[    0.376159] ACPI: PCI Interrupt Link [LNKD] (IRQs 5 9 10 *11)
[    0.380319] SCSI subsystem initialized
[    0.384048] pci 0000:00:02.0: vgaarb: setting as boot VGA device
[    0.388000] pci 0000:00:02.0: vgaarb: VGA device added: decodes=io+mem,owns=io+mem,locks=none
[    0.388010] pci 0000:00:02.0: vgaarb: bridge control possible
[    0.392005] vgaarb: loaded
[    0.396035] ACPI: bus type USB registered
[    0.400020] usbcore: registered new interface driver usbfs
[    0.400821] usbcore: registered new interface driver hub
[    0.401576] usbcore: registered new device driver usb
[    0.402325] EDAC MC: Ver: 3.0.0
[    0.404238] PCI: Using ACPI for IRQ routing
[    0.408265] NetLabel: Initializing
[    0.412007] NetLabel:  domain hash size = 128
[    0.416003] NetLabel:  protocols = UNLABELED CIPSOv4 CALIPSO
[    0.416807] NetLabel:  unlabeled traffic allowed by default
[    0.424073] clocksource: Switched to clocksource kvm-clock
[   0.436]FS Dk ots uo6.0[   .96898] VF: Dquo-cace sh table entries: 52 orr  46 te
  1.5209]Aprm: pArmor ilysm Enabled

[   1128]npPn ACP it   22586pn P AI:ou 3eves
[  2177]losoceaci_pm mk:xfffmax_cycles: 0xffffff, maxide_s:08014 
  3.26] T:egted otolamily 2
[    4.15087] P tabisd shable entries: 8192 (order: 4, 65536 bytes)

[    4.439167] TCP bind hash table entries: 8192 (order: 5, 13102 bytes
[   4974 T: astaesongud stalied192 bin 8192)
[    5.184184] UDP hash table entries: 512 (order: 2, 16384 bytes)[   2041 U-Le shab eri: 2 rd:  184yt)
[   0245] ETRestedrocofaly1    .569 p 00::00:imindiret CICI tranfer
  7.21] i 000:.0: ctating ISA DMA hang workarounds

[    7.651894] pci 0000:00:02.0: Video device with shadowed ROM at [mem 0x000c0000-0x000dffff]
[    7.850]npki itrfs.
[    8.322652] Freeing initrd memory: 18976K
[    8.371518] platform rtc_cmos: registered platform RTC device (no PNP device found)
[    8.460086] Scanning for low memory corruption every 60 seconds
[    8.535055] Initialise system trusted keyrings
[    8.645779] Key type blacklist registered
[    8.702820] workingset: timestamp_bits=36 max_order=18 bucket_order=0
[    8.708656] zbud: loaded
[    8.717022] squashfs: version 4.0 (2009/01/31) Phillip Lougher
[    8.741243] fuse init (API version 7.26)
[    8.748740] Key type asymmetric registered
[    8.766491] Asymmetric key parser 'x509' registered
[    8.790066] Block layer SCSI generic (bsg) driver version 0.4 loaded (major 246)
[    8.805927] io scheduler noop registered
[    8.806515] io scheduler deadline registered
[    8.807155] io scheduler cfq registered (default)
[    8.808155] ACPI: AC Adapter [AC] (on-line)
[    8.808805] input: Power Button as /devices/LNXSYSTM:00/LNXPWRBN:00/input/input0
[    8.850241] ACPI: Power Button [PWRF]
[    8.852118] input: Sleep Button as /devices/LNXSYSTM:00/LNXSLPBN:00/input/input1
[    8.853174] ACPI: Sleep Button [SLPF]
[    8.853978] Serial: 8250/16550 driver, 32 ports, IRQ sharing enabled
[    8.854620] ACPI: Battery Slot [BAT0] (battery present)
[    8.880887] 00:02: ttyS0 at I/O 0x3f8 (irq = 4, base_baud = 115200) is a 16550A
[    8.891869] Linux agpgart interface v0.103
[    8.933435] loop: module loaded
[    8.959781] scsi host0: ata_piix
[    8.993433] scsi host1: ata_piix
[    8.993963] ata1: PATA max UDMA/33 cmd 0x1f0 ctl 0x3f6 bmdma 0xd000 irq 14
[    8.994886] ata2: PATA max UDMA/33 cmd 0x170 ctl 0x376 bmdma 0xd008 irq 15
[    9.001124] libphy: Fixed MDIO Bus: probed
[    9.024075] tun: Universal TUN/TAP device driver, 1.6
[    9.031456] PPP generic driver version 2.4.2
[    9.032106] ehci_hcd: USB 2.0 'Enhanced' Host Controller (EHCI) Driver
[    9.033028] ehci-pci: EHCI PCI platform driver
[    9.034706] ehci-platform: EHCI generic platform driver
[    9.035433] ohci_hcd: USB 1.1 'Open' Host Controller (OHCI) Driver
[    9.127691] ohci-pci: OHCI PCI platform driver
[    9.195396] ohci-platform: OHCI generic platform driver
[    9.196154] uhci_hcd: USB Universal Host Controller Interface driver
[    9.197073] i8042: PNP: PS/2 Controller [PNP0303:PS2K,PNP0f03:PS2M] at 0x60,0x64 irq 1,12
[    9.198709] serio: i8042 KBD port at 0x60,0x64 irq 1
[    9.208235] serio: i8042 AUX port at 0x60,0x64 irq 12
[    9.209053] mousedev: PS/2 mouse device common for all mice
[    9.215645] input: AT Translated Set 2 keyboard as /devices/platform/i8042/serio0/input/input2
[    92259rt_cmos tcmo r ce:egteedtcmosasrt0
[    9.372752] scReneTSclcksource cabrio 20.17 MHz
[    9.372758] clocksource: tsc: mask: 0xffffffffffffffff max_cycles: 0x2710f20b8f8, max_idle_ns: 440795272763 ns
[   10.528650] rtc_cmos rtc_cmos: alarms up to one day, 114 bytes nvram
[   10.633030] i2c /dev entries driver
[   10.676194] pcie_mp2_amd: AMD(R) PCI-E MP2 Communication Driver Version: 1.0
[   10.782281] device-mapper: uevent: version 1.0.3
[   10.845196] device-mapper: ioctl: 4.37.0-ioctl (2017-09-20) initialised: dm-devel@redhat.com
[   10.893360] ledtrig-cpu: registered to indicate activity on CPUs
[   11.011104] NET: Registered protocol family 10
[   11.079876] Segment Routing with IPv6
[   11.125666] NET: Registered protocol family 17
[   11.193387] Key type dns_resolver registered
[   11.225078] RAS: Correctable Errors collector initialized.
[   11.264983] sched_clock: Marking stable (11264950230, 0)->(36914278856, -25649328626)
[   11.380629] registered taskstats version 1
[   11.444956] Loading compiled-in X.509 certificates
[   11.513770] Loaded X.509 cert 'Build time autogenerated kernel key: 7211859d1298c08a101905a3cb814e8c7b4bf4a4'
[   11.661998] zswap: loaded using pool lzo/zbud
[   11.724911] Key type big_key registered
[   11.776118] Key type trusted registered
[   11.814095] Key type encrypted registered
[   11.856430] AppArmor: AppArmor sha1 policy hashing enabled
[   11.920436] ima: No TPM chip found, activating TPM-bypass! (rc=-19)
[   11.959097] ima: Allocated hash algorithm: sha1
[   12.030325] evm: HMAC attrs: 0x1
[   12.104618]   Magic number: 15:414:415
[   12.138362] rtc_cmos rtc_cmos: setting system clock to 2019-04-07 05:26:44 UTC (1554614804)
[   12.160321] BIOS EDD facility v0.16 2004-Jun-25, 0 devices found
[   12.280849] EDD information not available.
[   12.390650] Freeing unused kernel memory: 2408K
[   13.140545] Write protecting the kernel read-only data: 20480k
[   13.280514] Freeing unused kernel memory: 2008K
[   14.312354] Freeing unused kernel memory: 1892K
[   15.166615] x86/mm: Checked W+X mappings: passed, no W+X pages found.
[   16.353772] x86/mm: Checking user space page tables
[   17.262462] x86/mm: Checked W+X mappings: passed, no W+X pages found.
Loading, please wait...
starting version 237
[   18.903396] Fusion MPT base driver 3.04.20
[   18.936021] Copyright (c) 1999-2008 LSI Corporation
[   18.949865] e1000: Intel(R) PRO/1000 Network Driver - version 7.3.21-k8-NAPI
[   18.952504] e1000: Copyright (c) 1999-2006 Intel Corporation.
[   18.966287] Fusion MPT SPI Host driver 3.04.20
[   18.966937] AVX2 version of gcm_enc/dec engaged.
[   18.966938] AES CTR mode by8 optimization enabled
[   19.113245] input: ImExPS/2 Generic Explorer Mouse as /devices/platform/i8042/serio1/input/input4
[   19.355889] e1000 0000:00:03.0 eth0: (PCI:33MHz:32-bit) 02:1e:30:9c:a3:c0
[   19.381587] e1000 0000:00:03.0 eth0: Intel(R) PRO/1000 Network Connection
[   19.385426] mptbase: ioc0: Initiating bringup
[   19.492629] ioc0: LSI53C1030 A0: Capabilities={Initiator}
[   19.807465] scsi host2: ioc0: LSI53C1030 A0, FwRev=00000000h, Ports=1, MaxQ=256, IRQ=20
[   20.137984] scsi 2:0:0:0: Direct-Access     VBOX     HARDDISK         1.0  PQ: 0 ANSI: 5
[   20.465330] scsi target2:0:0: Beginning Domain Validation
[   20.501585] e1000 0000:00:08.0 eth1: (PCI:33MHz:32-bit) 08:00:27:a5:fe:4c
[   20.501591] e1000 0000:00:08.0 eth1: Intel(R) PRO/1000 Network Connection
[   20.600409] e1000 0000:00:08.0 enp0s8: renamed from eth1
[   20.616631] scsi target2:0:0: Domain Validation skipping write tests
[   20.634737] scsi target2:0:0: Ending Domain Validation
[   20.682465] scsi target2:0:0: asynchronous
[   20.741010] scsi 2:0:1:0: Direct-Access     VBOX     HARDDISK         1.0  PQ: 0 ANSI: 5
[   20.938080] e1000 0000:00:03.0 enp0s3: renamed from eth0
[   21.077157] scsi target2:0:1: Beginning Domain Validation
[   21.160598] random: fast init done
[   21.772844] scsi target2:0:1: Domain Validation skipping write tests
[   22.125897] scsi target2:0:1: Ending Domain Validation
[   22.206919] scsi target2:0:1: asynchronous
[   22.282133] random: systemd-udevd: uninitialized urandom read (16 bytes read)
[   22.390775] random: systemd-udevd: uninitialized urandom read (16 bytes read)
[   22.392211] sd 2:0:0:0: [sda] 20971520 512-byte logical blocks: (10.7 GB/10.0 GiB)
[   22.392532] sd 2:0:0:0: [sda] Write Protect is off
[   22.392763] sd 2:0:0:0: [sda] Incomplete mode parameter data
[   22.392765] sd 2:0:0:0: [sda] Assuming drive cache: write through
[   22.396874] sd 2:0:0:0: Attached scsi generic sg0 type 0
[   22.397065] sd 2:0:1:0: Attached scsi generic sg1 type 0
[   22.397236] sd 2:0:1:0: [sdb] 20480 512-byte logical blocks: (10.5 MB/10.0 MiB)
[   22.397267] sd 2:0:1:0: [sdb] Write Protect is off
[   22.397327] sd 2:0:1:0: [sdb] Incomplete mode parameter data
[   22.397329] sd 2:0:1:0: [sdb] Assuming drive cache: write through
[   22.404874]  sda: sda1
[   22.405437] sd 2:0:0:0: [sda] Attached SCSI disk
[   22.407083] sd 2:0:1:0: [sdb] Attached SCSI disk
[   22.567606] random: systemd-udevd: uninitialized urandom read (16 bytes read)
Begin: Loading essential drivers ... [   24.141060] raid6: sse2x1   gen()  9199 MB/s
[   24.220359] raid6: sse2x1   xor()  7124 MB/s
[   24.344034] raid6: sse2x2   gen() 12487 MB/s
[   24.448026] raid6: sse2x2   xor()  8497 MB/s
[   24.552046] raid6: sse2x4   gen() 14709 MB/s
[   24.684509] raid6: sse2x4   xor()  9279 MB/s
[   24.776774] raid6: avx2x1   gen() 20434 MB/s
[   24.832721] raid6: avx2x1   xor() 11606 MB/s
[   24.948491] raid6: avx2x2   gen() 22197 MB/s
[   25.052522] raid6: avx2x2   xor() 14331 MB/s
[   25.172169] raid6: avx2x4   gen() 26222 MB/s
[   25.252217] raid6: avx2x4   xor() 15718 MB/s
[   25.319720] raid6: using algorithm avx2x4 gen() 26222 MB/s
[   25.375176] raid6: .... xor() 15718 MB/s, rmw enabled
[   25.454227] raid6: using avx2x2 recovery algorithm
[   25.462966] xor: automatically using best checksumming function   avx       
[   25.590974] async_tx: api initialized (async)
done.
Begin: Running /scripts/init-pre[   25.700892] Btrfs loaded, crc32c=crc32c-intel
mount ... done.
Begin: Mounting root file syste[   25.833615] EXT4-fs (sda1): mounted filesystem with ordered data mode. Opts: (null)
m ... Begin: Running /scripts/local-top ... done.
Begin: Running /scripts/local-premount ... Scanning for Btrfs filesystems
done.
Warning: fsck not present, so skipping root file system
done.
Begin: Running /scripts/local-bottom ... done.
Begin: Running /scripts/init-bottom ... done.
[   26.087335] ip_tables: (C) 2000-2006 Netfilter Core Team
[   26.127249] systemd[1]: systemd 237 running in system mode. (+PAM +AUDIT +SELINUX +IMA +APPARMOR +SMACK +SYSVINIT +UTMP +LIBCRYPTSETUP +GCRYPT +GNUTLS +ACL +XZ +LZ4 +SECCOMP +BLKID +ELFUTILS +KMOD -IDN2 +IDN -PCRE2 default-hierarchy=hybrid)
[   26.365572] systemd[1]: Detected virtualization oracle.
[   26.466156] systemd[1]: Detected architecture x86-64.

Welcome to [1mUbuntu 18.04.2 LTS[0m!

[   26.690307] systemd[1]: Set hostname to <ubuntu-bionic>.
[   27.055703] systemd[1]: Reached target Swap.
[[0;32m  OK  [0m] Reached target Swap.
[   27.222153] systemd[1]: Created slice System Slice.
[[0;32m  OK  [0m] Created slice System Slice.
[   27.372882] systemd[1]: Listening on udev Kernel Socket.
[[0;32m  OK  [0m] Listening on udev Kernel Socket.
[   27.520488] systemd[1]: Listening on Network Service Netlink Socket.
[[0;32m  OK  [0m] Listening on Network Service Netlink Socket.
[   27.706426] systemd[1]: Listening on LVM2 metadata daemon socket.
[[0;32m  OK  [0m] Listening on LVM2 metadata daemon socket.
[   27.933093] systemd[1]: Listening on Journal Audit Socket.
[[0;32m  OK  [0m] Listening on Journal Audit Socket.
[[0;32m  OK  [0m] Listening on LVM2 poll daemon socket.
[[0;32m  OK  [0m] Reached target User and Group Name Lookups.
[[0;32m  OK  [0m] Listening on /dev/initctl Compatibility Named Pipe.
[[0;32m  OK  [0m] Listening on udev Control Socket.
[[0;32m  OK  [0m] Created slice system-serial\x2dgetty.slice.
[[0;32m  OK  [0m] Set up automount Arbitrary Executab…rmats File System Automount Point.
[[0;32m  OK  [0m] Listening on Device-mapper event daemon FIFOs.
[[0;32m  OK  [0m] Reached target System Time Synchronized.
[[0;32m  OK  [0m] Started Forward Password Requests to Wall Directory Watch.
[[0;32m  OK  [0m] Created slice User and Session Slice.
[[0;32m  OK  [0m] Reached target Slices.
[[0;32m  OK  [0m] Listening on Journal Socket (/dev/log).
[[0;32m  OK  [0m] Listening on Syslog Socket.
[[0;32m  OK  [0m] Listening on Journal Socket.
         Mounting Huge Pages File System...
         Starting Uncomplicated firewall...
         Starting Set the console keyboard layout...
         Starting Remount Root and Kernel File Systems...
         Starting Monitoring of LVM2 mirrors…ng dmeventd or progress polling...
[   29.147495] EXT4-fs (sda1): re-mounted. Opts: (null)
         Starting udev Coldplug all Devices...
         Starting Create list of required st…ce nodes for the current kernel...
         Starting Load Ke[   29.219611] Loading iSCSI transport class v2.0-870.
rnel Modules...
         [   29.233083] iscsi: registered transport (tcp)
Mounting Kernel Debug File System...
         Mounting POSIX Message Queue File System...
[   29.283658] iscsi: registered transport (iser)
         Startin[   29.297991] random: crng init done
g Journal Servic[   29.311770] random: 7 urandom warning(s) missed due to ratelimiting
e...
[[0;32m  OK  [0m] Mounted Huge Pages File System.
[[0;32m  OK  [0m] Started Journal Service.
[[0;32m  OK  [0m] Started Uncomplicated firewall.
[[0;32m  OK  [0m] Started Set the console keyboard layout.
[[0;32m  OK  [0m] Started Remount Root and Kernel File Systems.
[[0;32m  OK  [0m] Started Create list of required sta…vice nodes for the current kernel.
[[0;32m  OK  [0m] Started Load Kernel Modules.
[[0;32m  OK  [0m] Mounted Kernel Debug File System.
[[0;32m  OK  [0m] Mounted POSIX Message Queue File System.
[[0;32m  OK  [0m] Started udev Coldplug all Devices.
[[0;32m  OK  [0m] Started LVM2 metadata daemon.
         Starting Apply Kernel Variables...
         Mounting FUSE Control File System...
         Mounting Kernel Configuration File System...
         Starting Create Static Device Nodes in /dev...
         Starting Load/Save Random Seed...
         Starting Initial cloud-init job (pre-networking)...
         Starting Flush Journal to Persistent Storage...
[[0;32m  OK  [0m] Started Monitoring of LVM2 mirrors,…sing dmeventd or progress polling.
[[0;32m  OK  [0m] Started Apply Kernel Variables.
[[0;32m  OK  [0m] Mounted FUSE Control File System.
[[0;32m  OK  [0m] Mounted Kernel Configuration File System.
[[0;32m  OK  [0m] Started Create Static Device Nodes in /dev.
[[0;32m  OK  [0m] Started Load/Save Random Seed.
         Starting udev Kernel Device Manager...
[[0;32m  OK  [0m] Reached target Local File Systems (Pre).
[[0;32m  OK  [0m] Reached target Local File Systems.
         Starting AppArmor initialization...
         Starting Tell Plymouth To Write Out Runtime Data...
         Starting Set console font and keymap...
         Starting ebtables ruleset management...
[[0;32m  OK  [0m] Started udev Kernel Device Manager.
[[0;32m  OK  [0m] Started Dispatch Password Requests to Console Directory Watch.
[[0;32m  OK  [0m] Reached target Local Encrypted Volumes.
[[0;32m  OK  [0m] Started Tell Plymouth To Write Out Runtime Data.
[[0;32m  OK  [0m] Started Set console font and keymap.
[[0;32m  OK  [0m] Started Flush Journal to Persistent Storage.
         Starting Create Volatile Files and Directories...
[[0;32m  OK  [0m] Started Create Volatile Files and Directories.
[[0;32m  OK  [0m] Started ebtables ruleset management.
         Starting Update UTMP about System Boot/Shutdown...
[[0;32m  OK  [0m] Found device /dev/ttyS0.
[[0;32m  OK  [0m] Started Update UTMP about System Boot/Shutdown.
[[0;32m  OK  [0m] Listening on Load/Save RF Kill Switch Status /dev/rfkill Watch.
[[0;32m  OK  [0m] Started AppArmor initialization.
[   31.918669] cloud-init[418]: Cloud-init v. 18.5-45-g3554ffe8-0ubuntu1~18.04.1 running 'init-local' at Sun, 07 Apr 2019 05:27:03 +0000. Up 31.56 seconds.
[[0;32m  OK  [0m] Started Initial cloud-init job (pre-networking).
[[0;32m  OK  [0m] Reached target Network (Pre).
         Starting Network Service...
[[0;32m  OK  [0m] Started Network Service.
         Starting Wait for Network to be Configured...
         Starting Network Name Resolution...
[[0;32m  OK  [0m] Started Network Name Resolution.
[[0;32m  OK  [0m] Reached target Host and Network Name Lookups.
[[0;32m  OK  [0m] Reached target Network.
[[0;32m  OK  [0m] Started Wait for Network to be Configured.
         Starting Initial cloud-init job (metadata service crawler)...
[   34.399112] cloud-init[675]: Cloud-init v. 18.5-45-g3554ffe8-0ubuntu1~18.04.1 running 'init' at Sun, 07 Apr 2019 05:27:06 +0000. Up 34.25 seconds.
[   34.492285] cloud-init[675]: ci-info: ++++++++++++++++++++++++++++++++++++++Net device info+++++++++++++++++++++++++++++++++++++++
[   34.548263] cloud-init[675]: ci-info: +--------+------+-----------------------------+---------------+--------+-------------------+
[[0;32m  OK  [0m] Started Initial cloud-init job (metadata service crawler).
[   34.641380] cloud-init[675]: ci-info: | Device |  Up  |           Address           |      Mask     | Scope  |     Hw-Address    |
[[   34.748771] cloud-init[675]: ci-info: +--------+------+-----------------------------+---------------+--------+-------------------+
[   34.749069] cloud-init[675]: ci-info: | enp0s3 | True |          10.0.2.15          | 255.255.255.0 | global | 02:1e:30:9c:a3:c0 |
[0;32m  OK  [0m] Reached target System Initialization.
[   34.749306] cloud-init[675]: ci-info: | enp0s3 | True |  fe80::1e:30ff:fe9c:a3c0/64 |       .       |  link  | 02:1e:30:9c:a3:c0 |
[[   35.233401] cloud-init[675]: ci-info: | enp0s8 | True |        192.168.33.10        | 255.255.255.0 | global | 08:00:27:a5:fe:4c |
[   35.233981] cloud-init[675]: ci-info: | enp0s8 | True | fe80::a00:27ff:fea5:fe4c/64 |       .       |  link  | 08:00:27:a5:fe:4c |
[0;32m  OK  [0m] Listening on ACPID Listen Socket.
[   35.234412] cloud-init[675]: ci-info: |   lo   | True |          127.0.0.1          |   255.0.0.0   |  host  |         .         |
[[0;32m  OK  [0m[   35.628324] ] cloud-initStarted Discard unused blocks once a week.[675]: 
ci-info: |   lo   | True |           ::1/128           |       .       |  host  |         .         |
[[0;32m  OK  [0m[   35.767973] cloud-init[675]: ci-info: +--------+------+-----------------------------+---------------+--------+-------------------+
[   35.769096] cloud-init[675]: ci-info: +++++++++++++++++++++++++++++Route IPv4 info+++++++++++++++++++++++++++++
] Started ACPI Events Check.
[   35.769305] cloud-init[675]: ci-info: +-------+--------------+----------+-----------------+-----------+-------+
[   36.232851] cloud-init[675]: ci-info: | Route | Destination  | Gateway  |     Genmask     | Interface | Flags |
[   36.365320] cloud-init[675]: ci-info: +-------+--------------+----------+-----------------+-----------+-------+
[   36.476667] cloud-init[675]: ci-info: |   0   |   0.0.0.0    | 10.0.2.2 |     0.0.0.0     |   enp0s3  |   UG  |
[   36.593364] cloud-init[675]: ci-info: |   1   |   10.0.2.0   | 0.0.0.0  |  255.255.255.0  |   enp0s3  |   U   |
[   36.725787] cloud-init[675]: ci-info: |   2   |   10.0.2.2   | 0.0.0.0  | 255.255.255.255 |   enp0s3  |   UH  |
[[0;32m  OK  [0m] Listening on D-Bus System Message Bus Socket.
[   36.782689] cloud-init[675]: ci-info: |   3   | 192.168.33.0 | 0.0.0.0  |  255.255.255.0  |   enp0s8  |   U   |
         Starting LXD - unix socket.
[   36.829382] cloud-init[675]: ci-info: +-------+--------------+----------+-----------------+-----------+-------+
         Starting Socket activation for snappy daemon.
[   36.892882] [cloud-init[0;32m  OK  [0m[675]: ] ci-info: +++++++++++++++++++Route IPv6 info+++++++++++++++++++Reached target Paths.

[[0;32m  OK  [0m] Started Daily apt download activities.
[   37.058175] cloud-init[675]: ci-info: +-------+-------------+---------+-----------+-------+
[[0;32m  OK  [0m] Listening on UUID daemon activation socket.
[   37.139816] [cloud-init[0;32m  OK  [0m[675]: ] ci-info: | Route | Destination | Gateway | Interface | Flags |
Started Daily Cleanup of Temporary Directories.
[[0;32m  OK  [0m] Listening on Open-iSCSI iscsid Socket.
[   37.445726] cloud-init[675]: ci-info: +-------+-------------+---------+-----------+-------+
[[0;32m  OK  [0m] Started Daily apt upgrade and clean activities.
[   37.585624] cloud-init[675]: [ci-info: |   1   |  fe80::/64  |    ::   |   enp0s8  |   U   |[0;32m  OK  [0m
] Started Message of the Day.
[[0;32m  OK  [0m] Reached target Timers.
[   37.822287] [cloud-init[0;32m  OK  [0m[675]: ] ci-info: |   2   |  fe80::/64  |    ::   |   enp0s3  |   U   |Reached target Cloud-config availability.

[[0;32m  OK  [0m] Reached target Network is Online.
[   37.925801] cloud-init[675]: ci-info: |   4   |    local    |    ::   |   enp0s3  |   U   |
[[0;32m  OK  [0m] Reached target Remote File Systems (Pre).
[[0;32m  OK  [0m] Reached target Remote File Systems.
[   38.041318] cloud-init[675]: ci-info: |   5   |    local    |    ::   |   enp0s8  |   U   |
         Starting Availability of block devices...
[   38.265518] cloud-init[675]: ci-info: |   6   |   ff00::/8  |    ::   |   enp0s8  |   U   |
[[0;32m  OK  [0m] Listening on LXD - unix socket.
[   38.405181] [cloud-init[0;32m  OK  [0m[675]: ] ci-info: |   7   |   ff00::/8  |    ::   |   enp0s3  |   U   |Listening on Socket activation for snappy daemon.

[[0;32m  OK  [0m] Started Availability of block devices.
[   38.519460] [cloud-init[0;32m  OK  [0m[675]: ] ci-info: +-------+-------------+---------+-----------+-------+Reached target Sockets.

[[0;32m  OK  [0m] Reached target Basic System.
[[0;32m  OK  [0m] Started FUSE filesystem for LXC.
         Starting Login Service...
         Starting LSB: Record successful boot for GRUB...
         Starting OpenBSD Secure Shell server...
[[0;32m  OK  [0m] Started Deferred execution scheduler.
         Starting Accounts Service...
         Starting System Logging Service...
         Starting Dispatcher daemon for systemd-networkd...
[[0;32m  OK  [0m] Started D-Bus System Message Bus.
[[0;32m  OK  [0m] Started Login Service.
         Starting LSB: automatic crash report generation...
         Starting Permit User Sessions...
[[0;32m  OK  [0m] Started Unattended Upgrades Shutdown.
         Starting Snappy daemon...
[[0;32m  OK  [0m] Started irqbalance daemon.
         Starting vboxadd.service...
[[0;32m  OK  [0m] Started Regular background program processing daemon.
         Starting LXD - container startup/shutdown...
[[0;32m  OK  [0m] Started System Logging Service.
[[0;32m  OK  [0m] Started Dispatcher daemon for systemd-networkd.
[[0;32m  OK  [0m] Started Snappy daemon.
[[0;32m  OK  [0m] Started Permit User Sessions.
[[0;32m  OK  [0m] Started OpenBSD Secure Shell server.
[[0;32m  OK  [0m] Started LXD - container startup/shutdown.
         Starting Authorization Manager...
         Starting Hold until boot process finishes up...
         Starting Terminate Plymouth Boot Screen...
         Starting Wait until snapd is fully seeded...
[[0;32m  OK  [0m] Started Hold until boot process finishes up.
[[0;32m  OK  [0m] Started Terminate Plymouth Boot Screen.
[[0;32m  OK  [0m] Started Authorization Manager.
[[0;32m  OK  [0m] Started Accounts Service.
[[0;32m  OK  [0m] Started Serial Getty on ttyS0.
         Starting Set console scheme...
[[0;32m  OK  [0m] Started Set console scheme.
[[0;32m  OK  [0m] Started LSB: Record successful boot for GRUB.
[[0;32m  OK  [0m] Started LSB: automatic crash report generation.
[[0;32m  OK  [0m] Started vboxadd.service.
[[0;32m  OK  [0m] Started Wait until snapd is fully seeded.
[[0;32m  OK  [0m] Created slice User Slice of vagrant.
         Starting Apply the settings specified in cloud-config...
         Starting vboxadd-service.service...
[[0;32m  OK  [0m] Created slice system-getty.slice.
[[0;32m  OK  [0m] Started Getty on tty1.
[[0;32m  OK  [0m] Reached target Login Prompts.
[[0;32m  OK  [0m] Started vboxadd-service.service.
         Starting User Manager for UID 1000...
[[0;32m  OK  [0m] Reached target Multi-User System.
[[0;32m  OK  [0m] Reached target Graphical Interface.
         Starting Update UTMP about System Runlevel Changes...
[[0;32m  OK  [0m] Started User Manager for UID 1000.
[[0;32m  OK  [0m] Started Session 1 of user vagrant.
[[0;32m  OK  [0m] Started Update UTMP about System Runlevel Changes.
[   40.760752] cloud-init[1149]: Cloud-init v. 18.5-45-g3554ffe8-0ubuntu1~18.04.1 running 'modules:config' at Sun, 07 Apr 2019 05:27:13 +0000. Up 40.64 seconds.
[[0;32m  OK  [0m] Started Apply the settings specified in cloud-config.
         Starting Execute cloud user/final scripts...
[   41.478028] cloud-init[1268]: Cloud-init v. 18.5-45-g3554ffe8-0ubuntu1~18.04.1 running 'modules:final' at Sun, 07 Apr 2019 05:27:13 +0000. Up 41.36 seconds.
[[0;32m  OK  [0m] Started Execute cloud user/final scripts.
[   41.667974] cloud-init[1268]: Cloud-init v. 18.5-45-g3554ffe8-0ubuntu1~18.04.1 finished at Sun, 07 Apr 2019 05:27:13 +0000. Datasource DataSourceNoCloud [seed=/dev/sdb][dsmode=net].  Up 41.47 seconds
[[0;32m  OK  [0m] Reached target Cloud-init target.

Ubuntu 18.04.2 LTS ubuntu-bionic ttyS0

ubuntu-bionic login: [[0;32m  0         Stopping LXD - container startup/shutdown...
         Stopping irqbalance daemon...
         Stopping D-Bus System Message Bus...
         Stopping Unattended Upgrades Shutdown...
         Stopping Dispatcher daemon for systemd-networkd...
         Stopping System Logging Service...
         Stopping Deferred execution scheduler...
         Stopping FUSE filesystem for LXC...
[[0;32m  OK  [0m] Stopped Wait until snapd is fully seeded.
[[0;32m  OK  [0m] Stopped Daily apt upgrade and clean activities.
[[0;32m  OK  [0m] Stopped Daily apt download activities.
[[0;32m  OK  [0m] Stopped target Host and Network Name Lookups.
         Stopping User Manager for UID 1000...
         Stopping LSB: Record successful boot for GRUB...
[[0;32m  OK  [0m] Stopped Discard unused blocks once a week.
[[0;32m  OK  [0m] Stopped target System Time Synchronized.
[[0;32m  OK  [0m] Stopped Session 3 of user vagrant.
[[0;32m  OK  [0m] Unmounted /var/lib/lxcfs.
[[0;32m  OK  [0m] Stopped Deferred execution scheduler.
[[0;32m  OK  [0m] Stopped Accounts Service.
[[0;32m  OK  [0m] Stopped System Logging Service.
[[0;32m  OK  [0m] Stopped Dispatcher daemon for systemd-networkd.
[[0;32m  OK  [0m] Stopped Unattended Upgrades Shutdown.
[[0;32m  OK  [0m] Stopped irqbalance daemon.
[[0;32m  OK  [0m] Stopped Regular background program processing daemon.
[[0;32m  OK  [0m] Stopped OpenBSD Secure Shell server.
[[0;32m  OK  [0m] Stopped Authorization Manager.
[[0;32m  OK  [0m] Stopped Serial Getty on ttyS0.
[[0;32m  OK  [0m] Stopped Getty on tty1.
[[0;32m  OK  [0m] Stopped User Manager for UID 1000.
[[0;32m  OK  [0m] Stopped Availability of block devices.
[[0;32m  OK  [0m] Stopped vboxadd-service.service.
[[0;32m  OK  [0m] Stopped D-Bus System Message Bus.
[[0;32m  OK  [0m] Stopped FUSE filesystem for LXC.
[[0;32m  OK  [0m] Stopped Session 6 of user vagrant.
[[0;32m  OK  [0m] Stopped Session 12 of user vagrant.
         Stopping vboxadd.service...
[[0;32m  OK  [0m] Removed slice User Slice of vagrant.
[[0;32m  OK  [0m] Removed slice system-getty.slice.
         Stopping Permit User Sessions...
[[0;32m  OK  [0m] Removed slice system-serial\x2dgetty.slice.
         Stopping Login Service...
[[0;32m  OK  [0m] Unmounted /vagrant.
[[0;32m  OK  [0m] Stopped LSB: automatic crash report generation.
[[0;32m  OK  [0m] Stopped Login Service.
[[0;32m  OK  [0m] Stopped LXD - container startup/shutdown.
[[0;32m  OK  [0m] Stopped LSB: Record successful boot for GRUB.
[[0;32m  OK  [0m] Stopped vboxadd.service.
[[0;32m  OK  [0m] Stopped Permit User Sessions.
[[0;32m  OK  [0m] Stopped target Network.
         Stopping Network Name Resolution...
[[0;32m  OK  [0m] Stopped target User and Group Name Lookups.
[[0;32m  OK  [0m] Stopped target Basic System.
[[0;32m  OK  [0m] Stopped target Sockets.
[[0;32m  OK  [0m] Closed Syslog Socket.
[[0;32m  OK  [0m] Closed UUID daemon activation socket.
[[0;32m  OK  [0m] Closed D-Bus System Message Bus Socket.
[[0;32m  OK  [0m] Closed LXD - unix socket.
[[0;32m  OK  [0m] Closed ACPID Listen Socket.
[[0;32m  OK  [0m] Closed Open-iSCSI iscsid Socket.
[[0;32m  OK  [0m] Closed Socket activation for snappy daemon.
[[0;32m  OK  [0m] Stopped target Paths.
[[0;32m  OK  [0m] Stopped ACPI Events Check.
[[0;32m  OK  [0m] Stopped target Slices.
[[0;32m  OK  [0m] Removed slice User and Session Slice.
[[0;32m  OK  [0m] Stopped target System Initialization.
         Stopping Load/Save Random Seed...
[[0;32m  OK  [0m] Stopped target Local Encrypted Volumes.
[[0;32m  OK  [0m] Stopped Forward Password Requests to Wall Directory Watch.
[[0;32m  OK  [0m] Stopped Dispatch Password Requests to Console Directory Watch.
[[0;32m  OK  [0m] Stopped Initial cloud-init job (metadata service crawler).
         Stopping Update UTMP about System Boot/Shutdown...
[[0;32m  OK  [0m] Stopped target Remote File Systems.
[[0;32m  OK  [0m] Stopped target Remote File Systems (Pre).
[[0;32m  OK  [0m] Stopped Network Name Resolution.
[[0;32m  OK  [0m] Stopped Load/Save Random Seed.
         Stopping Network Service...
[[0;32m  OK  [0m] Stopped Update UTMP about System Boot/Shutdown.
[[0;32m  OK  [0m] Stopped Network Service.
[[0;32m  OK  [0m] Stopped target Network (Pre).
[[0;32m  OK  [0m] Stopped Initial cloud-init job (pre-networking).
[[0;32m  OK  [0m] Stopped Apply Kernel Variables.
[[0;32m  OK  [0m] Stopped Load Kernel Modules.
[[0;32m  OK  [0m] Stopped Create Volatile Files and Directories.
[[0;32m  OK  [0m] Stopped target Local File Systems.
         Unmounting /run/user/1000...
[[0;32m  OK  [0m] Unmounted /run/user/1000.
[[0;32m  OK  [0m] Reached target Unmount All Filesystems.
[[0;32m  OK  [0m] Stopped target Local File Systems (Pre).
[[0;32m  OK  [0m] Stopped Create Static Device Nodes in /dev.
         Stopping Monitoring of LVM2 mirrors…ng dmeventd or progress polling...
[[0;32m  OK  [0m] Stopped Remount Root and Kernel File Systems.
[[0;32m  OK  [0m] Stopped target Swap.
[[0;32m  OK  [0m] Reached target Shutdown.
[[0;32m  OK  [0m] Reached target Final Step.
         Starting Power-Off...
[[0;32m  OK  [0m] Stopped Monitoring of LVM2 mirrors,…sing dmeventd or progress polling.
         Stopping LVM2 metadata daemon...
[[0;32m  OK  [0m] Stopped LVM2 metadata daemon.
[ 8171.910632] reboot: Power down
